{"/Users/jose.aricapa/Documents/workspace-training/github-search-tdd/src/App.js": {"path":"/Users/jose.aricapa/Documents/workspace-training/github-search-tdd/src/App.js","statementMap":{"0":{"start":{"line":5,"column":2},"end":{"line":5,"column":30}}},"fnMap":{"0":{"name":"App","decl":{"start":{"line":4,"column":9},"end":{"line":4,"column":12}},"loc":{"start":{"line":4,"column":15},"end":{"line":6,"column":1}},"line":4}},"branchMap":{},"s":{"0":0},"f":{"0":0},"b":{}}
,"/Users/jose.aricapa/Documents/workspace-training/github-search-tdd/src/index.js": {"path":"/Users/jose.aricapa/Documents/workspace-training/github-search-tdd/src/index.js","statementMap":{"0":{"start":{"line":6,"column":0},"end":{"line":11,"column":2}},"1":{"start":{"line":16,"column":0},"end":{"line":16,"column":18}}},"fnMap":{},"branchMap":{},"s":{"0":0,"1":0},"f":{},"b":{}}
,"/Users/jose.aricapa/Documents/workspace-training/github-search-tdd/src/reportWebVitals.js": {"path":"/Users/jose.aricapa/Documents/workspace-training/github-search-tdd/src/reportWebVitals.js","statementMap":{"0":{"start":{"line":1,"column":24},"end":{"line":11,"column":1}},"1":{"start":{"line":2,"column":2},"end":{"line":10,"column":3}},"2":{"start":{"line":3,"column":4},"end":{"line":9,"column":7}},"3":{"start":{"line":4,"column":6},"end":{"line":4,"column":26}},"4":{"start":{"line":5,"column":6},"end":{"line":5,"column":26}},"5":{"start":{"line":6,"column":6},"end":{"line":6,"column":26}},"6":{"start":{"line":7,"column":6},"end":{"line":7,"column":26}},"7":{"start":{"line":8,"column":6},"end":{"line":8,"column":27}}},"fnMap":{"0":{"name":"(anonymous_0)","decl":{"start":{"line":1,"column":24},"end":{"line":1,"column":25}},"loc":{"start":{"line":1,"column":39},"end":{"line":11,"column":1}},"line":1},"1":{"name":"(anonymous_1)","decl":{"start":{"line":3,"column":30},"end":{"line":3,"column":31}},"loc":{"start":{"line":3,"column":79},"end":{"line":9,"column":5}},"line":3}},"branchMap":{"0":{"loc":{"start":{"line":2,"column":2},"end":{"line":10,"column":3}},"type":"if","locations":[{"start":{"line":2,"column":2},"end":{"line":10,"column":3}},{"start":{"line":2,"column":2},"end":{"line":10,"column":3}}],"line":2},"1":{"loc":{"start":{"line":2,"column":6},"end":{"line":2,"column":52}},"type":"binary-expr","locations":[{"start":{"line":2,"column":6},"end":{"line":2,"column":17}},{"start":{"line":2,"column":21},"end":{"line":2,"column":52}}],"line":2}},"s":{"0":0,"1":0,"2":0,"3":0,"4":0,"5":0,"6":0,"7":0},"f":{"0":0,"1":0},"b":{"0":[0,0],"1":[0,0]}}
,"/Users/jose.aricapa/Documents/workspace-training/github-search-tdd/src/__fixtures__/repos.js": {"path":"/Users/jose.aricapa/Documents/workspace-training/github-search-tdd/src/__fixtures__/repos.js","statementMap":{"0":{"start":{"line":4,"column":32},"end":{"line":7,"column":2}},"1":{"start":{"line":4,"column":60},"end":{"line":7,"column":1}},"2":{"start":{"line":9,"column":28},"end":{"line":23,"column":2}},"3":{"start":{"line":12,"column":12},"end":{"line":23,"column":1}},"4":{"start":{"line":25,"column":18},"end":{"line":25,"column":76}},"5":{"start":{"line":27,"column":18},"end":{"line":27,"column":71}},"6":{"start":{"line":27,"column":40},"end":{"line":27,"column":70}},"7":{"start":{"line":29,"column":30},"end":{"line":31,"column":1}},"8":{"start":{"line":30,"column":2},"end":{"line":30,"column":54}},"9":{"start":{"line":30,"column":34},"end":{"line":30,"column":52}},"10":{"start":{"line":33,"column":31},"end":{"line":36,"column":1}},"11":{"start":{"line":34,"column":2},"end":{"line":35,"column":34}}},"fnMap":{"0":{"name":"(anonymous_0)","decl":{"start":{"line":4,"column":32},"end":{"line":4,"column":33}},"loc":{"start":{"line":4,"column":60},"end":{"line":7,"column":1}},"line":4},"1":{"name":"(anonymous_1)","decl":{"start":{"line":9,"column":28},"end":{"line":9,"column":29}},"loc":{"start":{"line":12,"column":12},"end":{"line":23,"column":1}},"line":12},"2":{"name":"(anonymous_2)","decl":{"start":{"line":27,"column":32},"end":{"line":27,"column":33}},"loc":{"start":{"line":27,"column":40},"end":{"line":27,"column":70}},"line":27},"3":{"name":"(anonymous_3)","decl":{"start":{"line":29,"column":30},"end":{"line":29,"column":31}},"loc":{"start":{"line":29,"column":42},"end":{"line":31,"column":1}},"line":29},"4":{"name":"(anonymous_4)","decl":{"start":{"line":30,"column":26},"end":{"line":30,"column":27}},"loc":{"start":{"line":30,"column":34},"end":{"line":30,"column":52}},"line":30},"5":{"name":"(anonymous_5)","decl":{"start":{"line":33,"column":31},"end":{"line":33,"column":32}},"loc":{"start":{"line":33,"column":59},"end":{"line":36,"column":1}},"line":33}},"branchMap":{"0":{"loc":{"start":{"line":4,"column":33},"end":{"line":4,"column":54}},"type":"default-arg","locations":[{"start":{"line":4,"column":52},"end":{"line":4,"column":54}}],"line":4},"1":{"loc":{"start":{"line":4,"column":34},"end":{"line":4,"column":48}},"type":"default-arg","locations":[{"start":{"line":4,"column":47},"end":{"line":4,"column":48}}],"line":4},"2":{"loc":{"start":{"line":9,"column":29},"end":{"line":12,"column":6}},"type":"default-arg","locations":[{"start":{"line":12,"column":4},"end":{"line":12,"column":6}}],"line":9},"3":{"loc":{"start":{"line":10,"column":2},"end":{"line":10,"column":17}},"type":"default-arg","locations":[{"start":{"line":10,"column":6},"end":{"line":10,"column":17}}],"line":10},"4":{"loc":{"start":{"line":11,"column":2},"end":{"line":11,"column":29}},"type":"default-arg","locations":[{"start":{"line":11,"column":9},"end":{"line":11,"column":29}}],"line":11},"5":{"loc":{"start":{"line":34,"column":9},"end":{"line":35,"column":33}},"type":"cond-expr","locations":[{"start":{"line":34,"column":26},"end":{"line":34,"column":53}},{"start":{"line":35,"column":6},"end":{"line":35,"column":33}}],"line":34}},"s":{"0":1,"1":3,"2":1,"3":8,"4":1,"5":1,"6":6,"7":1,"8":2,"9":12,"10":1,"11":0},"f":{"0":3,"1":8,"2":6,"3":2,"4":12,"5":0},"b":{"0":[1],"1":[2],"2":[2],"3":[2],"4":[2],"5":[0,0]},"_coverageSchema":"1a1c01bbd47fc00a2c39e90264f33305004495a9","hash":"32cf51eb1c7dfc869cd4055040d6795cabe12f3d"}
,"/Users/jose.aricapa/Documents/workspace-training/github-search-tdd/src/components/content/content.js": {"path":"/Users/jose.aricapa/Documents/workspace-training/github-search-tdd/src/components/content/content.js","statementMap":{"0":{"start":{"line":14,"column":21},"end":{"line":14,"column":82}},"1":{"start":{"line":16,"column":23},"end":{"line":76,"column":1}},"2":{"start":{"line":18,"column":34},"end":{"line":18,"column":77}},"3":{"start":{"line":18,"column":56},"end":{"line":18,"column":77}},"4":{"start":{"line":20,"column":24},"end":{"line":23,"column":10}},"5":{"start":{"line":21,"column":4},"end":{"line":23,"column":10}},"6":{"start":{"line":25,"column":2},"end":{"line":69,"column":3}},"7":{"start":{"line":26,"column":4},"end":{"line":68,"column":6}},"8":{"start":{"line":33,"column":18},"end":{"line":33,"column":58}},"9":{"start":{"line":49,"column":18},"end":{"line":58,"column":29}},"10":{"start":{"line":71,"column":2},"end":{"line":73,"column":3}},"11":{"start":{"line":72,"column":4},"end":{"line":72,"column":54}},"12":{"start":{"line":75,"column":2},"end":{"line":75,"column":88}},"13":{"start":{"line":80,"column":0},"end":{"line":85,"column":2}}},"fnMap":{"0":{"name":"(anonymous_0)","decl":{"start":{"line":16,"column":23},"end":{"line":16,"column":24}},"loc":{"start":{"line":16,"column":85},"end":{"line":76,"column":1}},"line":16},"1":{"name":"(anonymous_1)","decl":{"start":{"line":18,"column":34},"end":{"line":18,"column":35}},"loc":{"start":{"line":18,"column":56},"end":{"line":18,"column":77}},"line":18},"2":{"name":"(anonymous_2)","decl":{"start":{"line":20,"column":24},"end":{"line":20,"column":25}},"loc":{"start":{"line":21,"column":4},"end":{"line":23,"column":10}},"line":21},"3":{"name":"(anonymous_3)","decl":{"start":{"line":32,"column":34},"end":{"line":32,"column":35}},"loc":{"start":{"line":33,"column":18},"end":{"line":33,"column":58}},"line":33},"4":{"name":"(anonymous_4)","decl":{"start":{"line":39,"column":29},"end":{"line":39,"column":30}},"loc":{"start":{"line":49,"column":18},"end":{"line":58,"column":29}},"line":49},"5":{"name":"(anonymous_5)","decl":{"start":{"line":65,"column":138},"end":{"line":65,"column":139}},"loc":{"start":{"line":65,"column":144},"end":{"line":65,"column":146}},"line":65}},"branchMap":{"0":{"loc":{"start":{"line":25,"column":2},"end":{"line":69,"column":3}},"type":"if","locations":[{"start":{"line":25,"column":2},"end":{"line":69,"column":3}},{"start":{"line":25,"column":2},"end":{"line":69,"column":3}}],"line":25},"1":{"loc":{"start":{"line":25,"column":6},"end":{"line":25,"column":42}},"type":"binary-expr","locations":[{"start":{"line":25,"column":6},"end":{"line":25,"column":21}},{"start":{"line":25,"column":25},"end":{"line":25,"column":42}}],"line":25},"2":{"loc":{"start":{"line":71,"column":2},"end":{"line":73,"column":3}},"type":"if","locations":[{"start":{"line":71,"column":2},"end":{"line":73,"column":3}},{"start":{"line":71,"column":2},"end":{"line":73,"column":3}}],"line":71},"3":{"loc":{"start":{"line":71,"column":6},"end":{"line":71,"column":41}},"type":"binary-expr","locations":[{"start":{"line":71,"column":6},"end":{"line":71,"column":21}},{"start":{"line":71,"column":25},"end":{"line":71,"column":41}}],"line":71}},"s":{"0":1,"1":1,"2":38,"3":0,"4":38,"5":31,"6":38,"7":7,"8":35,"9":7,"10":31,"11":1,"12":30,"13":1},"f":{"0":38,"1":0,"2":31,"3":35,"4":7,"5":0},"b":{"0":[7,31],"1":[38,8],"2":[1,30],"3":[31,1]},"_coverageSchema":"1a1c01bbd47fc00a2c39e90264f33305004495a9","hash":"fc1edc9fc8edb7bca6bf48006367b069e4acfc15"}
,"/Users/jose.aricapa/Documents/workspace-training/github-search-tdd/src/components/github-search-page/git-hub-search-page.js": {"path":"/Users/jose.aricapa/Documents/workspace-training/github-search-tdd/src/components/github-search-page/git-hub-search-page.js","statementMap":{"0":{"start":{"line":7,"column":25},"end":{"line":64,"column":1}},"1":{"start":{"line":8,"column":40},"end":{"line":8,"column":55}},"2":{"start":{"line":9,"column":48},"end":{"line":9,"column":63}},"3":{"start":{"line":10,"column":35},"end":{"line":10,"column":47}},"4":{"start":{"line":11,"column":24},"end":{"line":11,"column":36}},"5":{"start":{"line":12,"column":19},"end":{"line":12,"column":31}},"6":{"start":{"line":13,"column":39},"end":{"line":13,"column":51}},"7":{"start":{"line":16,"column":23},"end":{"line":32,"column":17}},"8":{"start":{"line":17,"column":4},"end":{"line":17,"column":25}},"9":{"start":{"line":18,"column":21},"end":{"line":23,"column":5}},"10":{"start":{"line":25,"column":17},"end":{"line":25,"column":38}},"11":{"start":{"line":26,"column":4},"end":{"line":30,"column":5}},"12":{"start":{"line":27,"column":6},"end":{"line":27,"column":31}},"13":{"start":{"line":28,"column":6},"end":{"line":28,"column":31}},"14":{"start":{"line":29,"column":6},"end":{"line":29,"column":27}},"15":{"start":{"line":34,"column":2},"end":{"line":38,"column":21}},"16":{"start":{"line":35,"column":4},"end":{"line":37,"column":6}},"17":{"start":{"line":36,"column":6},"end":{"line":36,"column":33}},"18":{"start":{"line":40,"column":2},"end":{"line":63,"column":4}}},"fnMap":{"0":{"name":"(anonymous_0)","decl":{"start":{"line":7,"column":25},"end":{"line":7,"column":26}},"loc":{"start":{"line":7,"column":31},"end":{"line":64,"column":1}},"line":7},"1":{"name":"(anonymous_1)","decl":{"start":{"line":16,"column":35},"end":{"line":16,"column":36}},"loc":{"start":{"line":16,"column":47},"end":{"line":32,"column":3}},"line":16},"2":{"name":"(anonymous_2)","decl":{"start":{"line":34,"column":12},"end":{"line":34,"column":13}},"loc":{"start":{"line":34,"column":18},"end":{"line":38,"column":3}},"line":34},"3":{"name":"(anonymous_3)","decl":{"start":{"line":35,"column":11},"end":{"line":35,"column":12}},"loc":{"start":{"line":35,"column":17},"end":{"line":37,"column":5}},"line":35}},"branchMap":{"0":{"loc":{"start":{"line":26,"column":4},"end":{"line":30,"column":5}},"type":"if","locations":[{"start":{"line":26,"column":4},"end":{"line":30,"column":5}},{"start":{"line":26,"column":4},"end":{"line":30,"column":5}}],"line":26}},"s":{"0":1,"1":39,"2":39,"3":39,"4":39,"5":39,"6":39,"7":39,"8":9,"9":9,"10":9,"11":9,"12":8,"13":8,"14":8,"15":39,"16":13,"17":13,"18":39},"f":{"0":39,"1":9,"2":13,"3":13},"b":{"0":[8,1]},"_coverageSchema":"1a1c01bbd47fc00a2c39e90264f33305004495a9","hash":"e30b0b8ab31e79987c5d6871638b6562b9e87f03"}
,"/Users/jose.aricapa/Documents/workspace-training/github-search-tdd/src/constants/index.js": {"path":"/Users/jose.aricapa/Documents/workspace-training/github-search-tdd/src/constants/index.js","statementMap":{"0":{"start":{"line":1,"column":25},"end":{"line":1,"column":28}}},"fnMap":{},"branchMap":{},"s":{"0":1},"f":{},"b":{},"_coverageSchema":"1a1c01bbd47fc00a2c39e90264f33305004495a9","hash":"e311435c0aa5986c039efd28a0e1117c50317383"}
,"/Users/jose.aricapa/Documents/workspace-training/github-search-tdd/src/services/services.js": {"path":"/Users/jose.aricapa/Documents/workspace-training/github-search-tdd/src/services/services.js","statementMap":{"0":{"start":{"line":1,"column":16},"end":{"line":1,"column":85}},"1":{"start":{"line":2,"column":24},"end":{"line":4,"column":1}},"2":{"start":{"line":3,"column":2},"end":{"line":3,"column":86}}},"fnMap":{"0":{"name":"(anonymous_0)","decl":{"start":{"line":2,"column":24},"end":{"line":2,"column":25}},"loc":{"start":{"line":2,"column":45},"end":{"line":4,"column":1}},"line":2}},"branchMap":{"0":{"loc":{"start":{"line":1,"column":16},"end":{"line":1,"column":85}},"type":"cond-expr","locations":[{"start":{"line":1,"column":50},"end":{"line":1,"column":52}},{"start":{"line":1,"column":55},"end":{"line":1,"column":85}}],"line":1}},"s":{"0":1,"1":1,"2":9},"f":{"0":9},"b":{"0":[1,0]},"_coverageSchema":"1a1c01bbd47fc00a2c39e90264f33305004495a9","hash":"65b234fde15ae2e3c2237e01d8cc24cfa544981a"}
}
