TN:
SF:src/App.js
FN:4,App
FNF:1
FNH:0
FNDA:0,App
DA:5,0
LF:1
LH:0
BRF:0
BRH:0
end_of_record
TN:
SF:src/index.js
FNF:0
FNH:0
DA:6,0
DA:16,0
LF:2
LH:0
BRF:0
BRH:0
end_of_record
TN:
SF:src/reportWebVitals.js
FN:1,(anonymous_0)
FN:3,(anonymous_1)
FNF:2
FNH:0
FNDA:0,(anonymous_0)
FNDA:0,(anonymous_1)
DA:1,0
DA:2,0
DA:3,0
DA:4,0
DA:5,0
DA:6,0
DA:7,0
DA:8,0
LF:8
LH:0
BRDA:2,0,0,0
BRDA:2,0,1,0
BRDA:2,1,0,0
BRDA:2,1,1,0
BRF:4
BRH:0
end_of_record
TN:
SF:src/__fixtures__/repos.js
FN:4,(anonymous_0)
FN:9,(anonymous_1)
FN:27,(anonymous_2)
FN:29,(anonymous_3)
FN:30,(anonymous_4)
FN:33,(anonymous_5)
FNF:6
FNH:5
FNDA:3,(anonymous_0)
FNDA:8,(anonymous_1)
FNDA:6,(anonymous_2)
FNDA:2,(anonymous_3)
FNDA:12,(anonymous_4)
FNDA:0,(anonymous_5)
DA:4,3
DA:9,1
DA:12,8
DA:25,1
DA:27,6
DA:29,1
DA:30,12
DA:33,1
DA:34,0
LF:9
LH:8
BRDA:4,0,0,1
BRDA:4,1,0,2
BRDA:9,2,0,2
BRDA:10,3,0,2
BRDA:11,4,0,2
BRDA:34,5,0,0
BRDA:34,5,1,0
BRF:7
BRH:5
end_of_record
TN:
SF:src/components/content/content.js
FN:16,(anonymous_0)
FN:18,(anonymous_1)
FN:20,(anonymous_2)
FN:32,(anonymous_3)
FN:39,(anonymous_4)
FN:65,(anonymous_5)
FNF:6
FNH:4
FNDA:38,(anonymous_0)
FNDA:0,(anonymous_1)
FNDA:31,(anonymous_2)
FNDA:35,(anonymous_3)
FNDA:7,(anonymous_4)
FNDA:0,(anonymous_5)
DA:14,1
DA:16,1
DA:18,38
DA:20,38
DA:21,31
DA:25,38
DA:26,7
DA:33,35
DA:49,7
DA:71,31
DA:72,1
DA:75,30
DA:80,1
LF:13
LH:13
BRDA:25,0,0,7
BRDA:25,0,1,31
BRDA:25,1,0,38
BRDA:25,1,1,8
BRDA:71,2,0,1
BRDA:71,2,1,30
BRDA:71,3,0,31
BRDA:71,3,1,1
BRF:8
BRH:8
end_of_record
TN:
SF:src/components/github-search-page/git-hub-search-page.js
FN:7,(anonymous_0)
FN:16,(anonymous_1)
FN:34,(anonymous_2)
FN:35,(anonymous_3)
FNF:4
FNH:4
FNDA:39,(anonymous_0)
FNDA:9,(anonymous_1)
FNDA:13,(anonymous_2)
FNDA:13,(anonymous_3)
DA:7,1
DA:8,39
DA:9,39
DA:10,39
DA:11,39
DA:12,39
DA:13,39
DA:16,39
DA:17,9
DA:18,9
DA:25,9
DA:26,9
DA:27,8
DA:28,8
DA:29,8
DA:34,39
DA:35,13
DA:36,13
DA:40,39
LF:19
LH:19
BRDA:26,0,0,8
BRDA:26,0,1,1
BRF:2
BRH:2
end_of_record
TN:
SF:src/constants/index.js
FNF:0
FNH:0
DA:1,1
LF:1
LH:1
BRF:0
BRH:0
end_of_record
TN:
SF:src/services/services.js
FN:2,(anonymous_0)
FNF:1
FNH:1
FNDA:9,(anonymous_0)
DA:1,1
DA:2,1
DA:3,9
LF:3
LH:3
BRDA:1,0,0,1
BRDA:1,0,1,0
BRF:2
BRH:1
end_of_record
